Loaded 10 molecule from data/alkanes.sdf.
======================================
  == Processing molecule: 2_2_3_trimethylbutan,BALL 1.2nonpublic (Nov 18 2006, 17:14:17),
  Bonds
    CC: 1.535806 A (0.008091 kcal/mol)
    CH: 1.094126 A (0.005788 kcal/mol)
    CH: 1.092966 A (0.002991 kcal/mol)
    CH: 1.096343 A (0.013678 kcal/mol)
    CC: 1.536129 A (0.009015 kcal/mol)
    CC: 1.570985 A (0.403140 kcal/mol)
    CH: 1.099556 A (0.031047 kcal/mol)
    CH: 1.093498 A (0.004160 kcal/mol)
    CH: 1.096545 A (0.014564 kcal/mol)
    CH: 1.093643 A (0.004513 kcal/mol)
    CC: 1.540773 A (0.027854 kcal/mol)
    CC: 1.543379 A (0.042961 kcal/mol)
    CC: 1.544552 A (0.050821 kcal/mol)
    CH: 1.094576 A (0.007119 kcal/mol)
    CH: 1.096680 A (0.015170 kcal/mol)
    CH: 1.094642 A (0.007327 kcal/mol)
    CH: 1.094996 A (0.008487 kcal/mol)
    CH: 1.095598 A (0.010655 kcal/mol)
    CH: 1.095988 A (0.012192 kcal/mol)
    CH: 1.096703 A (0.015274 kcal/mol)
    CH: 1.095281 A (0.009482 kcal/mol)
    CH: 1.093791 A (0.004885 kcal/mol)
  Angles
    CCH: 1.947527 radians (0.012408 kcal/mol)
    CCH: 1.956544 radians (0.031124 kcal/mol)
    CCH: 1.926374 radians (0.001693 kcal/mol)
    CCC: 1.889301 radians (0.014303 kcal/mol)
    CCC: 1.986288 radians (0.169436 kcal/mol)
    CCH: 1.859872 radians (0.271126 kcal/mol)
    HCH: 1.892459 radians (0.020554 kcal/mol)
    HCH: 1.872715 radians (0.000897 kcal/mol)
    HCH: 1.864353 radians (0.000327 kcal/mol)
    CCC: 1.989217 radians (0.182903 kcal/mol)
    CCH: 1.856746 radians (0.295105 kcal/mol)
    CCH: 1.951358 radians (0.019327 kcal/mol)
    CCH: 1.929996 radians (0.000226 kcal/mol)
    CCH: 1.947315 radians (0.012071 kcal/mol)
    CCH: 1.873554 radians (0.178114 kcal/mol)
    CCC: 1.964789 radians (0.086361 kcal/mol)
    CCC: 1.927236 radians (0.007776 kcal/mol)
    CCC: 1.921635 radians (0.003307 kcal/mol)
    HCH: 1.876430 radians (0.002630 kcal/mol)
    HCH: 1.893801 radians (0.022824 kcal/mol)
    HCH: 1.861232 radians (0.001297 kcal/mol)
    CCC: 1.887425 radians (0.016866 kcal/mol)
    CCC: 1.888211 radians (0.015766 kcal/mol)
    CCH: 1.950792 radians (0.018209 kcal/mol)
    CCH: 1.934295 radians (0.000255 kcal/mol)
    CCH: 1.952030 radians (0.020698 kcal/mol)
    CCC: 1.871612 radians (0.046864 kcal/mol)
    CCH: 1.951663 radians (0.019942 kcal/mol)
    CCH: 1.939370 radians (0.002764 kcal/mol)
    CCH: 1.940076 radians (0.003325 kcal/mol)
    CCH: 1.938495 radians (0.002140 kcal/mol)
    CCH: 1.938704 radians (0.002282 kcal/mol)
    CCH: 1.958162 radians (0.035377 kcal/mol)
    HCH: 1.869440 radians (0.000124 kcal/mol)
    HCH: 1.886793 radians (0.012281 kcal/mol)
    HCH: 1.866383 radians (0.000041 kcal/mol)
    HCH: 1.888106 radians (0.014009 kcal/mol)
    HCH: 1.862982 radians (0.000674 kcal/mol)
    HCH: 1.878152 radians (0.003743 kcal/mol)
    HCH: 1.876051 radians (0.002412 kcal/mol)
    HCH: 1.862571 radians (0.000803 kcal/mol)
    HCH: 1.886041 radians (0.011341 kcal/mol)
  == Bond count: 22
  == Angle count: 42
  == stretch energy: 0.709213 kcal/mol
  == bend energy:    1.563723 kcal/mol
  == total energy:   2.272936 kcal/mol
======================================
  == Processing molecule: 2_3_4_5_tetramethyloctan,ACD/Labs11170616023D,
  Bonds
    CC: 1.531831 A (0.000805 kcal/mol)
    CC: 1.536362 A (0.009715 kcal/mol)
    CC: 1.551673 A (0.112736 kcal/mol)
    CC: 1.557962 A (0.187652 kcal/mol)
    CC: 1.551666 A (0.112660 kcal/mol)
    CC: 1.535736 A (0.007897 kcal/mol)
    CC: 1.532229 A (0.001193 kcal/mol)
    CC: 1.537767 A (0.014478 kcal/mol)
    CC: 1.536904 A (0.011439 kcal/mol)
    CC: 1.537239 A (0.012577 kcal/mol)
    CC: 1.536085 A (0.008887 kcal/mol)
    HC: 1.111088 A (0.151195 kcal/mol)
    HC: 1.111067 A (0.150900 kcal/mol)
    HC: 1.111192 A (0.152687 kcal/mol)
    HC: 1.110951 A (0.149237 kcal/mol)
    HC: 1.110999 A (0.149922 kcal/mol)
    HC: 1.110996 A (0.149887 kcal/mol)
    HC: 1.110959 A (0.149356 kcal/mol)
    HC: 1.110922 A (0.148827 kcal/mol)
    HC: 1.111073 A (0.150981 kcal/mol)
    HC: 1.110958 A (0.149335 kcal/mol)
    HC: 1.111056 A (0.150738 kcal/mol)
    HC: 1.111025 A (0.150299 kcal/mol)
    HC: 1.111146 A (0.152028 kcal/mol)
    HC: 1.111109 A (0.151498 kcal/mol)
    HC: 1.111133 A (0.151841 kcal/mol)
    HC: 1.111136 A (0.151890 kcal/mol)
    HC: 1.111132 A (0.151834 kcal/mol)
    HC: 1.111000 A (0.149945 kcal/mol)
    HC: 1.111094 A (0.151289 kcal/mol)
    HC: 1.111180 A (0.152518 kcal/mol)
    HC: 1.111076 A (0.151025 kcal/mol)
    HC: 1.111094 A (0.151290 kcal/mol)
    HC: 1.111137 A (0.151908 kcal/mol)
    HC: 1.111094 A (0.151286 kcal/mol)
    HC: 1.111085 A (0.151162 kcal/mol)
    HC: 1.111131 A (0.151821 kcal/mol)
  Angles
    CCC: 1.931653 radians (0.012629 kcal/mol)
    CCC: 1.940111 radians (0.025188 kcal/mol)
    CCC: 1.886339 radians (0.018447 kcal/mol)
    CCC: 1.958605 radians (0.067602 kcal/mol)
    CCC: 1.936957 radians (0.020003 kcal/mol)
    CCC: 1.898496 radians (0.004793 kcal/mol)
    CCC: 1.963022 radians (0.080767 kcal/mol)
    CCC: 1.922812 radians (0.004090 kcal/mol)
    CCC: 1.925702 radians (0.006366 kcal/mol)
    CCC: 1.943588 radians (0.031596 kcal/mol)
    CCC: 1.932155 radians (0.013254 kcal/mol)
    CCC: 1.897360 radians (0.005693 kcal/mol)
    CCC: 1.930212 radians (0.010918 kcal/mol)
    CCC: 1.883455 radians (0.022987 kcal/mol)
  == Bond count: 37
  == Angle count: 14
  == stretch energy: 4.404738 kcal/mol
  == bend energy:    0.324330 kcal/mol
  == total energy:   4.729068 kcal/mol
======================================
  == Processing molecule: 2_3_dimethylbutan,BALL 1.2nonpublic (Nov 18 2006, 17:14:17),
  Bonds
    CC: 1.534102 A (0.004039 kcal/mol)
    CH: 1.094764 A (0.007716 kcal/mol)
    CH: 1.093569 A (0.004331 kcal/mol)
    CH: 1.095252 A (0.009380 kcal/mol)
    CC: 1.554518 A (0.144273 kcal/mol)
    CC: 1.532902 A (0.002021 kcal/mol)
    CH: 1.098257 A (0.023183 kcal/mol)
    CC: 1.533652 A (0.003200 kcal/mol)
    CC: 1.534349 A (0.004539 kcal/mol)
    CH: 1.098539 A (0.024791 kcal/mol)
    CH: 1.094792 A (0.007806 kcal/mol)
    CH: 1.095380 A (0.009842 kcal/mol)
    CH: 1.095467 A (0.010163 kcal/mol)
    CH: 1.094406 A (0.006600 kcal/mol)
    CH: 1.095434 A (0.010038 kcal/mol)
    CH: 1.093952 A (0.005311 kcal/mol)
    CH: 1.095473 A (0.010183 kcal/mol)
    CH: 1.095531 A (0.010402 kcal/mol)
    CH: 1.093657 A (0.004547 kcal/mol)
  Angles
    CCH: 1.938798 radians (0.002347 kcal/mol)
    CCH: 1.947624 radians (0.012564 kcal/mol)
    CCH: 1.936826 radians (0.001172 kcal/mol)
    CCC: 1.949553 radians (0.044278 kcal/mol)
    CCC: 1.893648 radians (0.009174 kcal/mol)
    CCH: 1.880126 radians (0.140354 kcal/mol)
    HCH: 1.890153 radians (0.016931 kcal/mol)
    HCH: 1.883468 radians (0.008412 kcal/mol)
    HCH: 1.863976 radians (0.000410 kcal/mol)
    CCC: 1.965197 radians (0.087680 kcal/mol)
    CCH: 1.897731 radians (0.061352 kcal/mol)
    CCC: 1.962525 radians (0.079225 kcal/mol)
    CCC: 1.948534 radians (0.041959 kcal/mol)
    CCH: 1.897912 radians (0.060705 kcal/mol)
    CCH: 1.874256 radians (0.173864 kcal/mol)
    CCH: 1.941840 radians (0.004954 kcal/mol)
    CCH: 1.935647 radians (0.000662 kcal/mol)
    CCH: 1.945933 radians (0.009980 kcal/mol)
    CCC: 1.893609 radians (0.009215 kcal/mol)
    CCH: 1.876500 radians (0.160632 kcal/mol)
    CCH: 1.944607 radians (0.008160 kcal/mol)
    CCH: 1.941314 radians (0.004435 kcal/mol)
    CCH: 1.935948 radians (0.000778 kcal/mol)
    CCH: 1.881744 radians (0.131750 kcal/mol)
    CCH: 1.936330 radians (0.000940 kcal/mol)
    CCH: 1.939139 radians (0.002591 kcal/mol)
    CCH: 1.948683 radians (0.014335 kcal/mol)
    HCH: 1.892157 radians (0.020059 kcal/mol)
    HCH: 1.860862 radians (0.001455 kcal/mol)
    HCH: 1.885964 radians (0.011248 kcal/mol)
    HCH: 1.883722 radians (0.008682 kcal/mol)
    HCH: 1.892262 radians (0.020231 kcal/mol)
    HCH: 1.861342 radians (0.001253 kcal/mol)
    HCH: 1.882494 radians (0.007417 kcal/mol)
    HCH: 1.864892 radians (0.000225 kcal/mol)
    HCH: 1.889249 radians (0.015607 kcal/mol)
  == Bond count: 19
  == Angle count: 36
  == stretch energy: 0.302363 kcal/mol
  == bend energy:    1.175036 kcal/mol
  == total energy:   1.477399 kcal/mol
======================================
  == Processing molecule: hexan,BALL 1.2nonpublic (Nov 18 2006, 17:14:17),
  Bonds
    CC: 1.520266 A (0.022740 kcal/mol)
    CH: 1.094661 A (0.007385 kcal/mol)
    CH: 1.094636 A (0.007307 kcal/mol)
    CH: 1.094537 A (0.006999 kcal/mol)
    CC: 1.528493 A (0.000545 kcal/mol)
    CH: 1.096201 A (0.013072 kcal/mol)
    CH: 1.096286 A (0.013433 kcal/mol)
    CC: 1.529642 A (0.000031 kcal/mol)
    CH: 1.097316 A (0.018198 kcal/mol)
    CH: 1.097032 A (0.016813 kcal/mol)
    CC: 1.528514 A (0.000530 kcal/mol)
    CH: 1.097254 A (0.017889 kcal/mol)
    CH: 1.096978 A (0.016557 kcal/mol)
    CC: 1.520264 A (0.022749 kcal/mol)
    CH: 1.095855 A (0.011656 kcal/mol)
    CH: 1.096403 A (0.013941 kcal/mol)
    CH: 1.094669 A (0.007413 kcal/mol)
    CH: 1.095001 A (0.008502 kcal/mol)
    CH: 1.094442 A (0.006710 kcal/mol)
  Angles
    CCH: 1.935922 radians (0.000768 kcal/mol)
    CCH: 1.938302 radians (0.002013 kcal/mol)
    CCH: 1.926475 radians (0.001634 kcal/mol)
    CCC: 1.946705 radians (0.037955 kcal/mol)
    CCH: 1.904742 radians (0.038862 kcal/mol)
    CCH: 1.903088 radians (0.043707 kcal/mol)
    HCH: 1.889213 radians (0.015555 kcal/mol)
    HCH: 1.885910 radians (0.011182 kcal/mol)
    HCH: 1.886302 radians (0.011663 kcal/mol)
    CCH: 1.921484 radians (0.005838 kcal/mol)
    CCH: 1.914866 radians (0.015408 kcal/mol)
    CCC: 1.942619 radians (0.029736 kcal/mol)
    CCH: 1.909415 radians (0.026711 kcal/mol)
    CCH: 1.913175 radians (0.018585 kcal/mol)
    HCH: 1.871303 radians (0.000477 kcal/mol)
    CCH: 1.915601 radians (0.014120 kcal/mol)
    CCH: 1.913413 radians (0.018120 kcal/mol)
    CCC: 1.943338 radians (0.031111 kcal/mol)
    CCH: 1.909877 radians (0.025633 kcal/mol)
    CCH: 1.914709 radians (0.015691 kcal/mol)
    HCH: 1.868115 radians (0.000012 kcal/mol)
    CCH: 1.912996 radians (0.018938 kcal/mol)
    CCH: 1.911289 radians (0.022477 kcal/mol)
    CCC: 1.948189 radians (0.041188 kcal/mol)
    CCH: 1.916901 radians (0.011981 kcal/mol)
    CCH: 1.918339 radians (0.009818 kcal/mol)
    HCH: 1.870179 radians (0.000236 kcal/mol)
    CCH: 1.903825 radians (0.041512 kcal/mol)
    CCH: 1.905130 radians (0.037768 kcal/mol)
    CCH: 1.938415 radians (0.002087 kcal/mol)
    CCH: 1.936850 radians (0.001183 kcal/mol)
    CCH: 1.923733 radians (0.003622 kcal/mol)
    HCH: 1.869701 radians (0.000160 kcal/mol)
    HCH: 1.892413 radians (0.020479 kcal/mol)
    HCH: 1.887176 radians (0.012773 kcal/mol)
    HCH: 1.883564 radians (0.008514 kcal/mol)
  == Bond count: 19
  == Angle count: 36
  == stretch energy: 0.212470 kcal/mol
  == bend energy:    0.597513 kcal/mol
  == total energy:   0.809983 kcal/mol
======================================
  == Processing molecule: cyclohexan,BALL 1.2nonpublic (Nov 18 2006, 17:14:17),
  Bonds
    CC: 1.526211 A (0.003446 kcal/mol)
    CC: 1.526308 A (0.003272 kcal/mol)
    CH: 1.095937 A (0.011983 kcal/mol)
    CH: 1.097101 A (0.017142 kcal/mol)
    CC: 1.526286 A (0.003310 kcal/mol)
    CH: 1.095988 A (0.012192 kcal/mol)
    CH: 1.096951 A (0.016428 kcal/mol)
    CC: 1.526731 A (0.002564 kcal/mol)
    CH: 1.097305 A (0.018143 kcal/mol)
    CH: 1.095870 A (0.011715 kcal/mol)
    CC: 1.526981 A (0.002187 kcal/mol)
    CH: 1.095620 A (0.010737 kcal/mol)
    CH: 1.097015 A (0.016733 kcal/mol)
    CC: 1.526517 A (0.002911 kcal/mol)
    CH: 1.097091 A (0.017095 kcal/mol)
    CH: 1.095984 A (0.012175 kcal/mol)
    CH: 1.097287 A (0.018054 kcal/mol)
    CH: 1.096325 A (0.013603 kcal/mol)
  Angles
    CCC: 1.949492 radians (0.044137 kcal/mol)
    CCH: 1.915002 radians (0.015165 kcal/mol)
    CCH: 1.906440 radians (0.034185 kcal/mol)
    CCC: 1.946722 radians (0.037991 kcal/mol)
    CCH: 1.915342 radians (0.014567 kcal/mol)
    CCH: 1.910145 radians (0.025018 kcal/mol)
    CCH: 1.913646 radians (0.017669 kcal/mol)
    CCH: 1.907998 radians (0.030157 kcal/mol)
    CCH: 1.910012 radians (0.025323 kcal/mol)
    CCH: 1.912611 radians (0.019709 kcal/mol)
    HCH: 1.869495 radians (0.000131 kcal/mol)
    CCH: 1.915148 radians (0.014908 kcal/mol)
    CCH: 1.908265 radians (0.029490 kcal/mol)
    CCC: 1.946564 radians (0.037655 kcal/mol)
    CCH: 1.911024 radians (0.023052 kcal/mol)
    CCH: 1.914263 radians (0.016506 kcal/mol)
    HCH: 1.866455 radians (0.000036 kcal/mol)
    CCH: 1.911279 radians (0.022499 kcal/mol)
    CCH: 1.912294 radians (0.020356 kcal/mol)
    CCC: 1.951054 radians (0.047804 kcal/mol)
    CCH: 1.914184 radians (0.016653 kcal/mol)
    CCH: 1.908580 radians (0.028715 kcal/mol)
    HCH: 1.866689 radians (0.000022 kcal/mol)
    CCH: 1.913266 radians (0.018405 kcal/mol)
    CCH: 1.909085 radians (0.027494 kcal/mol)
    CCC: 1.951184 radians (0.048117 kcal/mol)
    CCH: 1.909014 radians (0.027665 kcal/mol)
    CCH: 1.913679 radians (0.017605 kcal/mol)
    HCH: 1.865685 radians (0.000109 kcal/mol)
    CCH: 1.908245 radians (0.029541 kcal/mol)
    CCH: 1.912869 radians (0.019190 kcal/mol)
    CCH: 1.910132 radians (0.025048 kcal/mol)
    CCH: 1.913015 radians (0.018899 kcal/mol)
    HCH: 1.866913 radians (0.000011 kcal/mol)
    HCH: 1.868840 radians (0.000059 kcal/mol)
  == Bond count: 18
  == Angle count: 35
  == stretch energy: 0.193690 kcal/mol
  == bend energy:    0.753893 kcal/mol
  == total energy:   0.947583 kcal/mol
======================================
  == Processing molecule: decan,BALL 1.2nonpublic (Nov 18 2006, 17:14:17),
  Bonds
    CC: 1.519806 A (0.024941 kcal/mol)
    CH: 1.094491 A (0.006856 kcal/mol)
    CH: 1.094691 A (0.007481 kcal/mol)
    CH: 1.094235 A (0.006098 kcal/mol)
    CC: 1.528293 A (0.000699 kcal/mol)
    CH: 1.095728 A (0.011155 kcal/mol)
    CH: 1.095976 A (0.012142 kcal/mol)
    CC: 1.529856 A (0.000005 kcal/mol)
    CH: 1.097165 A (0.017453 kcal/mol)
    CH: 1.097174 A (0.017497 kcal/mol)
    CC: 1.530704 A (0.000119 kcal/mol)
    CH: 1.096980 A (0.016563 kcal/mol)
    CH: 1.097213 A (0.017691 kcal/mol)
    CC: 1.530072 A (0.000001 kcal/mol)
    CH: 1.096726 A (0.015380 kcal/mol)
    CH: 1.096633 A (0.014959 kcal/mol)
    CC: 1.530298 A (0.000021 kcal/mol)
    CH: 1.096613 A (0.014868 kcal/mol)
    CH: 1.096671 A (0.015132 kcal/mol)
    CC: 1.531368 A (0.000449 kcal/mol)
    CH: 1.096522 A (0.014461 kcal/mol)
    CH: 1.097158 A (0.017420 kcal/mol)
    CC: 1.528563 A (0.000495 kcal/mol)
    CH: 1.097197 A (0.017609 kcal/mol)
    CH: 1.097351 A (0.018373 kcal/mol)
    CC: 1.520016 A (0.023925 kcal/mol)
    CH: 1.095811 A (0.011481 kcal/mol)
    CH: 1.095429 A (0.010020 kcal/mol)
    CH: 1.094046 A (0.005566 kcal/mol)
    CH: 1.094373 A (0.006502 kcal/mol)
    CH: 1.094400 A (0.006583 kcal/mol)
  Angles
    CCH: 1.938306 radians (0.002016 kcal/mol)
    CCH: 1.937376 radians (0.001458 kcal/mol)
    CCH: 1.925077 radians (0.002550 kcal/mol)
    CCC: 1.947788 radians (0.040303 kcal/mol)
    CCH: 1.905836 radians (0.035813 kcal/mol)
    CCH: 1.902716 radians (0.044835 kcal/mol)
    HCH: 1.891877 radians (0.019606 kcal/mol)
    HCH: 1.885256 radians (0.010401 kcal/mol)
    HCH: 1.884189 radians (0.009188 kcal/mol)
    CCH: 1.919752 radians (0.007902 kcal/mol)
    CCH: 1.915669 radians (0.014004 kcal/mol)
    CCC: 1.941487 radians (0.027636 kcal/mol)
    CCH: 1.910697 radians (0.023776 kcal/mol)
    CCH: 1.914329 radians (0.016383 kcal/mol)
    HCH: 1.870355 radians (0.000269 kcal/mol)
    CCH: 1.914608 radians (0.015874 kcal/mol)
    CCH: 1.910534 radians (0.024140 kcal/mol)
    CCC: 1.945284 radians (0.034983 kcal/mol)
    CCH: 1.910911 radians (0.023301 kcal/mol)
    CCH: 1.912673 radians (0.019585 kcal/mol)
    HCH: 1.870834 radians (0.000366 kcal/mol)
    CCH: 1.914127 radians (0.016758 kcal/mol)
    CCH: 1.909231 radians (0.027148 kcal/mol)
    CCC: 1.940003 radians (0.025001 kcal/mol)
    CCH: 1.910564 radians (0.024072 kcal/mol)
    CCH: 1.915396 radians (0.014474 kcal/mol)
    HCH: 1.870079 radians (0.000219 kcal/mol)
    CCH: 1.915605 radians (0.014114 kcal/mol)
    CCH: 1.910968 radians (0.023176 kcal/mol)
    CCC: 1.950534 radians (0.046567 kcal/mol)
    CCH: 1.909800 radians (0.025813 kcal/mol)
    CCH: 1.911497 radians (0.022030 kcal/mol)
    HCH: 1.869983 radians (0.000203 kcal/mol)
    CCH: 1.913283 radians (0.018371 kcal/mol)
    CCH: 1.907354 radians (0.031790 kcal/mol)
    CCC: 1.939581 radians (0.024274 kcal/mol)
    CCH: 1.908815 radians (0.028145 kcal/mol)
    CCH: 1.916564 radians (0.012518 kcal/mol)
    HCH: 1.869595 radians (0.000145 kcal/mol)
    CCH: 1.913190 radians (0.018554 kcal/mol)
    CCH: 1.913830 radians (0.017319 kcal/mol)
    CCC: 1.946636 radians (0.037809 kcal/mol)
    CCH: 1.909152 radians (0.027335 kcal/mol)
    CCH: 1.911715 radians (0.021566 kcal/mol)
    HCH: 1.870564 radians (0.000309 kcal/mol)
    CCH: 1.914475 radians (0.016116 kcal/mol)
    CCH: 1.910365 radians (0.024519 kcal/mol)
    CCC: 1.948595 radians (0.042097 kcal/mol)
    CCH: 1.916712 radians (0.012280 kcal/mol)
    CCH: 1.916137 radians (0.013217 kcal/mol)
    HCH: 1.869898 radians (0.000189 kcal/mol)
    CCH: 1.904135 radians (0.040606 kcal/mol)
    CCH: 1.906534 radians (0.033933 kcal/mol)
    CCH: 1.939119 radians (0.002577 kcal/mol)
    CCH: 1.938934 radians (0.002443 kcal/mol)
    CCH: 1.923578 radians (0.003758 kcal/mol)
    HCH: 1.869990 radians (0.000204 kcal/mol)
    HCH: 1.891035 radians (0.018275 kcal/mol)
    HCH: 1.883565 radians (0.008514 kcal/mol)
    HCH: 1.885794 radians (0.011041 kcal/mol)
  == Bond count: 31
  == Angle count: 60
  == stretch energy: 0.331948 kcal/mol
  == bend energy:    1.081868 kcal/mol
  == total energy:   1.413815 kcal/mol
======================================
  == Processing molecule: isobutan,BALL 1.2nonpublic (Nov 18 2006, 17:14:17),
  Bonds
    CC: 1.527057 A (0.002078 kcal/mol)
    CH: 1.095631 A (0.010780 kcal/mol)
    CH: 1.095009 A (0.008532 kcal/mol)
    CH: 1.095407 A (0.009940 kcal/mol)
    CC: 1.526727 A (0.002572 kcal/mol)
    CC: 1.526896 A (0.002312 kcal/mol)
    CH: 1.097532 A (0.019289 kcal/mol)
    CH: 1.095773 A (0.011333 kcal/mol)
    CH: 1.095057 A (0.008695 kcal/mol)
    CH: 1.095157 A (0.009044 kcal/mol)
    CH: 1.095567 A (0.010537 kcal/mol)
    CH: 1.095337 A (0.009684 kcal/mol)
    CH: 1.095182 A (0.009131 kcal/mol)
  Angles
    CCH: 1.946639 radians (0.011022 kcal/mol)
    CCH: 1.930517 radians (0.000127 kcal/mol)
    CCH: 1.932642 radians (0.000016 kcal/mol)
    CCC: 1.929880 radians (0.010541 kcal/mol)
    CCC: 1.931509 radians (0.012452 kcal/mol)
    CCH: 1.888531 radians (0.098617 kcal/mol)
    HCH: 1.886093 radians (0.011406 kcal/mol)
    HCH: 1.886098 radians (0.011411 kcal/mol)
    HCH: 1.879625 radians (0.004849 kcal/mol)
    CCC: 1.929265 radians (0.009860 kcal/mol)
    CCH: 1.889976 radians (0.092181 kcal/mol)
    CCH: 1.944496 radians (0.008017 kcal/mol)
    CCH: 1.931031 radians (0.000057 kcal/mol)
    CCH: 1.930474 radians (0.000134 kcal/mol)
    CCH: 1.893340 radians (0.078040 kcal/mol)
    CCH: 1.943185 radians (0.006413 kcal/mol)
    CCH: 1.933525 radians (0.000109 kcal/mol)
    CCH: 1.931771 radians (0.000005 kcal/mol)
    HCH: 1.886270 radians (0.011624 kcal/mol)
    HCH: 1.887169 radians (0.012764 kcal/mol)
    HCH: 1.882400 radians (0.007324 kcal/mol)
    HCH: 1.886653 radians (0.012103 kcal/mol)
    HCH: 1.885161 radians (0.010291 kcal/mol)
    HCH: 1.881431 radians (0.006402 kcal/mol)
  == Bond count: 13
  == Angle count: 24
  == stretch energy: 0.113926 kcal/mol
  == bend energy:    0.415766 kcal/mol
  == total energy:   0.529692 kcal/mol
======================================
  == Processing molecule: methan,BALL 1.2nonpublic (Nov 18 2006, 17:14:17),
  Bonds
    CH: 1.092563 A (0.002234 kcal/mol)
    CH: 1.091843 A (0.001154 kcal/mol)
    CH: 1.091938 A (0.001277 kcal/mol)
    CH: 1.092710 A (0.002498 kcal/mol)
  Angles
    HCH: 1.911943 radians (0.065174 kcal/mol)
    HCH: 1.908744 radians (0.056130 kcal/mol)
    HCH: 1.914389 radians (0.072547 kcal/mol)
    HCH: 1.911244 radians (0.063139 kcal/mol)
    HCH: 1.909513 radians (0.058241 kcal/mol)
    HCH: 1.907962 radians (0.054021 kcal/mol)
  == Bond count: 4
  == Angle count: 6
  == stretch energy: 0.007163 kcal/mol
  == bend energy:    0.369252 kcal/mol
  == total energy:   0.376415 kcal/mol
======================================
  == Processing molecule: neopentan,BALL 1.2nonpublic (Nov 18 2006, 17:14:17),
  Bonds
    CC: 1.535715 A (0.007838 kcal/mol)
    CH: 1.095862 A (0.011683 kcal/mol)
    CH: 1.096301 A (0.013500 kcal/mol)
    CH: 1.095759 A (0.011277 kcal/mol)
    CC: 1.535892 A (0.008332 kcal/mol)
    CC: 1.535974 A (0.008566 kcal/mol)
    CC: 1.536070 A (0.008843 kcal/mol)
    CH: 1.096024 A (0.012340 kcal/mol)
    CH: 1.095809 A (0.011472 kcal/mol)
    CH: 1.096184 A (0.013001 kcal/mol)
    CH: 1.096199 A (0.013066 kcal/mol)
    CH: 1.096130 A (0.012778 kcal/mol)
    CH: 1.096337 A (0.013653 kcal/mol)
    CH: 1.095681 A (0.010972 kcal/mol)
    CH: 1.096192 A (0.013035 kcal/mol)
    CH: 1.095956 A (0.012062 kcal/mol)
  Angles
    CCH: 1.938080 radians (0.001872 kcal/mol)
    CCH: 1.941349 radians (0.004468 kcal/mol)
    CCH: 1.940526 radians (0.003710 kcal/mol)
    CCC: 1.907767 radians (0.000340 kcal/mol)
    CCC: 1.914168 radians (0.000276 kcal/mol)
    CCC: 1.909499 radians (0.000080 kcal/mol)
    HCH: 1.880687 radians (0.005736 kcal/mol)
    HCH: 1.879168 radians (0.004491 kcal/mol)
    HCH: 1.881311 radians (0.006292 kcal/mol)
    CCC: 1.911842 radians (0.000015 kcal/mol)
    CCC: 1.911689 radians (0.000009 kcal/mol)
    CCH: 1.940318 radians (0.003530 kcal/mol)
    CCH: 1.941596 radians (0.004709 kcal/mol)
    CCH: 1.941140 radians (0.004269 kcal/mol)
    CCC: 1.908836 radians (0.000159 kcal/mol)
    CCH: 1.941147 radians (0.004276 kcal/mol)
    CCH: 1.942425 radians (0.005566 kcal/mol)
    CCH: 1.939736 radians (0.003049 kcal/mol)
    CCH: 1.941273 radians (0.004395 kcal/mol)
    CCH: 1.940535 radians (0.003718 kcal/mol)
    CCH: 1.940965 radians (0.004106 kcal/mol)
    HCH: 1.879247 radians (0.004552 kcal/mol)
    HCH: 1.879797 radians (0.004988 kcal/mol)
    HCH: 1.878838 radians (0.004241 kcal/mol)
    HCH: 1.878867 radians (0.004262 kcal/mol)
    HCH: 1.880192 radians (0.005314 kcal/mol)
    HCH: 1.878551 radians (0.004028 kcal/mol)
    HCH: 1.877984 radians (0.003626 kcal/mol)
    HCH: 1.879842 radians (0.005025 kcal/mol)
    HCH: 1.880352 radians (0.005449 kcal/mol)
  == Bond count: 16
  == Angle count: 30
  == stretch energy: 0.182419 kcal/mol
  == bend energy:    0.106549 kcal/mol
  == total energy:   0.288968 kcal/mol
======================================
  == Processing molecule: propan,BALL 1.2nonpublic (Nov 18 2006, 17:14:17),
  Bonds
    CC: 1.519722 A (0.025353 kcal/mol)
    CH: 1.094507 A (0.006907 kcal/mol)
    CH: 1.094939 A (0.008293 kcal/mol)
    CH: 1.094344 A (0.006417 kcal/mol)
    CC: 1.519620 A (0.025861 kcal/mol)
    CH: 1.095761 A (0.011285 kcal/mol)
    CH: 1.096185 A (0.013007 kcal/mol)
    CH: 1.094932 A (0.008272 kcal/mol)
    CH: 1.094466 A (0.006780 kcal/mol)
    CH: 1.094724 A (0.007587 kcal/mol)
  Angles
    CCH: 1.938104 radians (0.001888 kcal/mol)
    CCH: 1.938076 radians (0.001870 kcal/mol)
    CCH: 1.923263 radians (0.004042 kcal/mol)
    CCC: 1.951428 radians (0.048704 kcal/mol)
    CCH: 1.909885 radians (0.025616 kcal/mol)
    CCH: 1.909264 radians (0.027069 kcal/mol)
    HCH: 1.890136 radians (0.016906 kcal/mol)
    HCH: 1.886288 radians (0.011646 kcal/mol)
    HCH: 1.886288 radians (0.011646 kcal/mol)
    CCH: 1.908615 radians (0.028630 kcal/mol)
    CCH: 1.910588 radians (0.024017 kcal/mol)
    CCH: 1.936963 radians (0.001240 kcal/mol)
    CCH: 1.923002 radians (0.004285 kcal/mol)
    CCH: 1.939035 radians (0.002515 kcal/mol)
    HCH: 1.872364 radians (0.000780 kcal/mol)
    HCH: 1.886544 radians (0.011965 kcal/mol)
    HCH: 1.890307 radians (0.017162 kcal/mol)
    HCH: 1.886325 radians (0.011692 kcal/mol)
  == Bond count: 10
  == Angle count: 18
  == stretch energy: 0.119762 kcal/mol
  == bend energy:    0.251672 kcal/mol
  == total energy:   0.371434 kcal/mol
======================================
